<?xml version="1.0" encoding="UTF-8"?>
<testsuite name="struct.graph.bst.BinarySearchTreeTest" tests="6" skipped="0" failures="0" errors="0" timestamp="2017-04-01T14:22:56" hostname="jiahong" time="0.002">
  <properties/>
  <testcase name="remove" classname="struct.graph.bst.BinarySearchTreeTest" time="0.001"/>
  <testcase name="search" classname="struct.graph.bst.BinarySearchTreeTest" time="0.001"/>
  <testcase name="add" classname="struct.graph.bst.BinarySearchTreeTest" time="0.0"/>
  <testcase name="get" classname="struct.graph.bst.BinarySearchTreeTest" time="0.0"/>
  <testcase name="pop" classname="struct.graph.bst.BinarySearchTreeTest" time="0.0"/>
  <testcase name="popEdge2" classname="struct.graph.bst.BinarySearchTreeTest" time="0.0"/>
  <system-out><![CDATA[]]></system-out>
  <system-err><![CDATA[]]></system-err>
</testsuite>
