<?xml version="1.0" encoding="UTF-8"?>
<testsuite name="struct.trie.TrieTest" tests="5" skipped="0" failures="0" errors="0" timestamp="2017-01-19T07:40:12" hostname="jiahong" time="0.001">
  <properties/>
  <testcase name="remove" classname="struct.trie.TrieTest" time="0.0"/>
  <testcase name="search" classname="struct.trie.TrieTest" time="0.0"/>
  <testcase name="add" classname="struct.trie.TrieTest" time="0.0"/>
  <testcase name="pop" classname="struct.trie.TrieTest" time="0.0"/>
  <testcase name="searchFrequencyCount" classname="struct.trie.TrieTest" time="0.0"/>
  <system-out><![CDATA[]]></system-out>
  <system-err><![CDATA[]]></system-err>
</testsuite>
